2025-11-23 17:37:39.867 | INFO     | src.main:lifespan:21 - ðŸš€ Starting Cameroon Voice AI
2025-11-23 17:37:39.868 | INFO     | src.core.dependencies:initialize_services:121 - ðŸš€ Initializing services...
2025-11-23 17:37:39.875 | ERROR    | logging:callHandlers:1706 - Traceback (most recent call last):
  File "C:\jasondev\cameroon-voice-ai\.venv\Lib\site-packages\starlette\routing.py", line 738, in lifespan
    async with self.lifespan_context(app) as maybe_state:
  File "C:\Users\Christian VR\AppData\Local\Programs\Python\Python311\Lib\contextlib.py", line 210, in __aenter__
    return await anext(self.gen)
           ^^^^^^^^^^^^^^^^^^^^^
  File "C:\jasondev\cameroon-voice-ai\src\main.py", line 24, in lifespan
    await initialize_services()
  File "C:\jasondev\cameroon-voice-ai\src\core\dependencies.py", line 124, in initialize_services
    _whisper = WhisperService()
               ^^^^^^^^^^^^^^^^
  File "C:\jasondev\cameroon-voice-ai\src\services\whisper\service.py", line 37, in __init__
    self.device = settings.WHISPER_DEVICE
                  ^^^^^^^^^^^^^^^^^^^^^^^
  File "C:\jasondev\cameroon-voice-ai\.venv\Lib\site-packages\pydantic\main.py", line 761, in __getattr__
    raise AttributeError(f'{type(self).__name__!r} object has no attribute {item!r}')
AttributeError: 'Settings' object has no attribute 'WHISPER_DEVICE'

2025-11-23 17:37:39.877 | ERROR    | logging:callHandlers:1706 - Application startup failed. Exiting.
2025-11-23 17:39:30.375 | INFO     | src.main:lifespan:21 - ðŸš€ Starting Cameroon Voice AI
2025-11-23 17:39:30.375 | INFO     | src.core.dependencies:initialize_services:121 - ðŸš€ Initializing services...
2025-11-23 17:39:30.376 | INFO     | src.services.whisper.service:initialize:48 - Loading Whisper model...
2025-11-23 17:45:45.209 | ERROR    | logging:callHandlers:1706 - Traceback (most recent call last):
  File "C:\jasondev\cameroon-voice-ai\.venv\Lib\site-packages\starlette\routing.py", line 738, in lifespan
    async with self.lifespan_context(app) as maybe_state:
  File "C:\Users\Christian VR\AppData\Local\Programs\Python\Python311\Lib\contextlib.py", line 210, in __aenter__
    return await anext(self.gen)
           ^^^^^^^^^^^^^^^^^^^^^
  File "C:\jasondev\cameroon-voice-ai\src\main.py", line 24, in lifespan
    await initialize_services()
  File "C:\jasondev\cameroon-voice-ai\src\core\dependencies.py", line 125, in initialize_services
    await _whisper.initialize()
  File "C:\jasondev\cameroon-voice-ai\src\services\whisper\service.py", line 53, in initialize
    await loop.run_in_executor(None, self._load_model_sync)
  File "C:\Users\Christian VR\AppData\Local\Programs\Python\Python311\Lib\concurrent\futures\thread.py", line 58, in run
    result = self.fn(*self.args, **self.kwargs)
             ^^^^^^^^^^^^^^^^^^^^^^^^^^^^^^^^^^
  File "C:\jasondev\cameroon-voice-ai\src\services\whisper\service.py", line 72, in _load_model_sync
    self.model = whisper.load_model(
                 ^^^^^^^^^^^^^^^^^^^
  File "C:\jasondev\cameroon-voice-ai\.venv\Lib\site-packages\whisper\__init__.py", line 146, in load_model
    checkpoint = torch.load(fp, map_location=device)
                 ^^^^^^^^^^^^^^^^^^^^^^^^^^^^^^^^^^^
  File "C:\jasondev\cameroon-voice-ai\.venv\Lib\site-packages\torch\serialization.py", line 1521, in load
    return _load(
           ^^^^^^
  File "C:\jasondev\cameroon-voice-ai\.venv\Lib\site-packages\torch\serialization.py", line 2122, in _load
    result = unpickler.load()
             ^^^^^^^^^^^^^^^^
  File "C:\jasondev\cameroon-voice-ai\.venv\Lib\site-packages\torch\_weights_only_unpickler.py", line 535, in load
    self.append(self.persistent_load(pid))
                ^^^^^^^^^^^^^^^^^^^^^^^^^
  File "C:\jasondev\cameroon-voice-ai\.venv\Lib\site-packages\torch\serialization.py", line 2086, in persistent_load
    typed_storage = load_tensor(
                    ^^^^^^^^^^^^
  File "C:\jasondev\cameroon-voice-ai\.venv\Lib\site-packages\torch\serialization.py", line 2052, in load_tensor
    wrap_storage = restore_location(storage, location)
                   ^^^^^^^^^^^^^^^^^^^^^^^^^^^^^^^^^^^
  File "C:\jasondev\cameroon-voice-ai\.venv\Lib\site-packages\torch\serialization.py", line 1859, in restore_location
    return default_restore_location(storage, map_location)
           ^^^^^^^^^^^^^^^^^^^^^^^^^^^^^^^^^^^^^^^^^^^^^^^
  File "C:\jasondev\cameroon-voice-ai\.venv\Lib\site-packages\torch\serialization.py", line 698, in default_restore_location
    result = fn(storage, location)
             ^^^^^^^^^^^^^^^^^^^^^
  File "C:\jasondev\cameroon-voice-ai\.venv\Lib\site-packages\torch\serialization.py", line 636, in _deserialize
    device = _validate_device(location, backend_name)
             ^^^^^^^^^^^^^^^^^^^^^^^^^^^^^^^^^^^^^^^^
  File "C:\jasondev\cameroon-voice-ai\.venv\Lib\site-packages\torch\serialization.py", line 605, in _validate_device
    raise RuntimeError(
RuntimeError: Attempting to deserialize object on a CUDA device but torch.cuda.is_available() is False. If you are running on a CPU-only machine, please use torch.load with map_location=torch.device('cpu') to map your storages to the CPU.

2025-11-23 17:45:45.212 | ERROR    | logging:callHandlers:1706 - Application startup failed. Exiting.
2025-11-23 17:49:03.386 | INFO     | src.main:lifespan:21 - ðŸš€ Starting Cameroon Voice AI
2025-11-23 17:49:03.387 | INFO     | src.core.dependencies:initialize_services:121 - ðŸš€ Initializing services...
2025-11-23 17:49:03.387 | INFO     | src.services.whisper.service:initialize:48 - Loading Whisper model...
2025-11-23 17:49:03.398 | ERROR    | logging:callHandlers:1706 - Traceback (most recent call last):
  File "C:\Users\Christian VR\AppData\Local\Programs\Python\Python311\Lib\asyncio\runners.py", line 118, in run
    return self._loop.run_until_complete(task)
           ^^^^^^^^^^^^^^^^^^^^^^^^^^^^^^^^^^^
  File "C:\Users\Christian VR\AppData\Local\Programs\Python\Python311\Lib\asyncio\base_events.py", line 654, in run_until_complete
    return future.result()
           ^^^^^^^^^^^^^^^
  File "C:\jasondev\cameroon-voice-ai\.venv\Lib\site-packages\uvicorn\server.py", line 79, in serve
    await self.startup(sockets=sockets)
  File "C:\jasondev\cameroon-voice-ai\.venv\Lib\site-packages\uvicorn\server.py", line 90, in startup
    await self.lifespan.startup()
  File "C:\jasondev\cameroon-voice-ai\.venv\Lib\site-packages\uvicorn\lifespan\on.py", line 54, in startup
    await self.startup_event.wait()
  File "C:\Users\Christian VR\AppData\Local\Programs\Python\Python311\Lib\asyncio\locks.py", line 213, in wait
    await fut
asyncio.exceptions.CancelledError

During handling of the above exception, another exception occurred:

Traceback (most recent call last):
  File "C:\Users\Christian VR\AppData\Local\Programs\Python\Python311\Lib\asyncio\runners.py", line 190, in run
    return runner.run(main)
           ^^^^^^^^^^^^^^^^
  File "C:\Users\Christian VR\AppData\Local\Programs\Python\Python311\Lib\asyncio\runners.py", line 123, in run
    raise KeyboardInterrupt()
KeyboardInterrupt

During handling of the above exception, another exception occurred:

Traceback (most recent call last):
  File "C:\jasondev\cameroon-voice-ai\.venv\Lib\site-packages\starlette\routing.py", line 738, in lifespan
    async with self.lifespan_context(app) as maybe_state:
  File "C:\Users\Christian VR\AppData\Local\Programs\Python\Python311\Lib\contextlib.py", line 210, in __aenter__
    return await anext(self.gen)
           ^^^^^^^^^^^^^^^^^^^^^
  File "C:\jasondev\cameroon-voice-ai\src\main.py", line 24, in lifespan
    await initialize_services()
  File "C:\jasondev\cameroon-voice-ai\src\core\dependencies.py", line 125, in initialize_services
    await _whisper.initialize()
  File "C:\jasondev\cameroon-voice-ai\src\services\whisper\service.py", line 53, in initialize
    # Load model in thread pool (CPU/GPU intensive)
asyncio.exceptions.CancelledError

2025-11-23 17:49:04.208 | INFO     | src.services.whisper.service:_load_model_sync:78 - Whisper 'base' loaded on cpu
2025-11-23 17:49:16.479 | INFO     | src.main:lifespan:21 - ðŸš€ Starting Cameroon Voice AI
2025-11-23 17:49:16.479 | INFO     | src.core.dependencies:initialize_services:121 - ðŸš€ Initializing services...
2025-11-23 17:49:16.480 | INFO     | src.services.whisper.service:initialize:50 - Loading Whisper model...
2025-11-23 17:49:16.484 | ERROR    | logging:callHandlers:1706 - Traceback (most recent call last):
  File "C:\Users\Christian VR\AppData\Local\Programs\Python\Python311\Lib\asyncio\runners.py", line 118, in run
    return self._loop.run_until_complete(task)
           ^^^^^^^^^^^^^^^^^^^^^^^^^^^^^^^^^^^
  File "C:\Users\Christian VR\AppData\Local\Programs\Python\Python311\Lib\asyncio\base_events.py", line 654, in run_until_complete
    return future.result()
           ^^^^^^^^^^^^^^^
  File "C:\jasondev\cameroon-voice-ai\.venv\Lib\site-packages\uvicorn\server.py", line 79, in serve
    await self.startup(sockets=sockets)
  File "C:\jasondev\cameroon-voice-ai\.venv\Lib\site-packages\uvicorn\server.py", line 90, in startup
    await self.lifespan.startup()
  File "C:\jasondev\cameroon-voice-ai\.venv\Lib\site-packages\uvicorn\lifespan\on.py", line 54, in startup
    await self.startup_event.wait()
  File "C:\Users\Christian VR\AppData\Local\Programs\Python\Python311\Lib\asyncio\locks.py", line 213, in wait
    await fut
asyncio.exceptions.CancelledError

During handling of the above exception, another exception occurred:

Traceback (most recent call last):
  File "C:\Users\Christian VR\AppData\Local\Programs\Python\Python311\Lib\asyncio\runners.py", line 190, in run
    return runner.run(main)
           ^^^^^^^^^^^^^^^^
  File "C:\Users\Christian VR\AppData\Local\Programs\Python\Python311\Lib\asyncio\runners.py", line 123, in run
    raise KeyboardInterrupt()
KeyboardInterrupt

During handling of the above exception, another exception occurred:

Traceback (most recent call last):
  File "C:\jasondev\cameroon-voice-ai\.venv\Lib\site-packages\starlette\routing.py", line 738, in lifespan
    async with self.lifespan_context(app) as maybe_state:
  File "C:\Users\Christian VR\AppData\Local\Programs\Python\Python311\Lib\contextlib.py", line 210, in __aenter__
    return await anext(self.gen)
           ^^^^^^^^^^^^^^^^^^^^^
  File "C:\jasondev\cameroon-voice-ai\src\main.py", line 24, in lifespan
    await initialize_services()
  File "C:\jasondev\cameroon-voice-ai\src\core\dependencies.py", line 125, in initialize_services
    await _whisper.initialize()
  File "C:\jasondev\cameroon-voice-ai\src\services\whisper\service.py", line 55, in initialize
    await loop.run_in_executor(None, self._load_model_sync)
asyncio.exceptions.CancelledError

2025-11-23 17:49:17.195 | INFO     | src.services.whisper.service:_load_model_sync:80 - Whisper 'base' loaded on cpu
2025-11-23 17:49:29.204 | INFO     | src.main:lifespan:21 - ðŸš€ Starting Cameroon Voice AI
2025-11-23 17:49:29.205 | INFO     | src.core.dependencies:initialize_services:121 - ðŸš€ Initializing services...
2025-11-23 17:49:29.205 | INFO     | src.services.whisper.service:initialize:50 - Loading Whisper model...
2025-11-23 17:49:29.937 | INFO     | src.services.whisper.service:_load_model_sync:80 - Whisper 'base' loaded on cpu
2025-11-23 17:49:29.938 | INFO     | src.services.whisper.service:initialize:58 - âœ… Whisper loaded in 0.73s
2025-11-23 17:49:29.938 | INFO     | src.services.llama.service:initialize:31 - Loading LLaMA model...
2025-11-23 17:49:29.943 | DEBUG    | logging:callHandlers:1706 - Starting new HTTPS connection (1): huggingface.co:443
2025-11-23 17:49:31.875 | DEBUG    | logging:callHandlers:1706 - https://huggingface.co:443 "HEAD /TinyLlama/TinyLlama-1.1B-Chat-v1.0/resolve/main/tokenizer_config.json HTTP/1.1" 307 0
2025-11-23 17:49:31.934 | DEBUG    | logging:callHandlers:1706 - https://huggingface.co:443 "HEAD /api/resolve-cache/models/TinyLlama/TinyLlama-1.1B-Chat-v1.0/fe8a4ea1ffedaf415f4da2f062534de366a451e6/tokenizer_config.json HTTP/1.1" 200 0
2025-11-23 17:49:31.938 | DEBUG    | logging:callHandlers:1706 - Attempting to acquire lock 2259737691472 on C:\Users\Christian VR\.cache\huggingface\hub\.locks\models--TinyLlama--TinyLlama-1.1B-Chat-v1.0\fa96b85858f4053b0142a18e2b09dbe94e3fae46.lock
2025-11-23 17:49:31.939 | DEBUG    | logging:callHandlers:1706 - Lock 2259737691472 acquired on C:\Users\Christian VR\.cache\huggingface\hub\.locks\models--TinyLlama--TinyLlama-1.1B-Chat-v1.0\fa96b85858f4053b0142a18e2b09dbe94e3fae46.lock
2025-11-23 17:49:32.040 | DEBUG    | logging:callHandlers:1706 - https://huggingface.co:443 "GET /api/resolve-cache/models/TinyLlama/TinyLlama-1.1B-Chat-v1.0/fe8a4ea1ffedaf415f4da2f062534de366a451e6/tokenizer_config.json HTTP/1.1" 200 None
2025-11-23 17:49:32.049 | DEBUG    | logging:callHandlers:1706 - Attempting to release lock 2259737691472 on C:\Users\Christian VR\.cache\huggingface\hub\.locks\models--TinyLlama--TinyLlama-1.1B-Chat-v1.0\fa96b85858f4053b0142a18e2b09dbe94e3fae46.lock
2025-11-23 17:49:32.050 | DEBUG    | logging:callHandlers:1706 - Lock 2259737691472 released on C:\Users\Christian VR\.cache\huggingface\hub\.locks\models--TinyLlama--TinyLlama-1.1B-Chat-v1.0\fa96b85858f4053b0142a18e2b09dbe94e3fae46.lock
2025-11-23 17:49:32.337 | DEBUG    | logging:callHandlers:1706 - https://huggingface.co:443 "HEAD /TinyLlama/TinyLlama-1.1B-Chat-v1.0/resolve/main/tokenizer.model HTTP/1.1" 302 0
2025-11-23 17:49:32.340 | DEBUG    | logging:callHandlers:1706 - Attempting to acquire lock 2259738391440 on C:\Users\Christian VR\.cache\huggingface\hub\.locks\models--TinyLlama--TinyLlama-1.1B-Chat-v1.0\9e556afd44213b6bd1be2b850ebbbd98f5481437a8021afaf58ee7fb1818d347.lock
2025-11-23 17:49:32.340 | DEBUG    | logging:callHandlers:1706 - Lock 2259738391440 acquired on C:\Users\Christian VR\.cache\huggingface\hub\.locks\models--TinyLlama--TinyLlama-1.1B-Chat-v1.0\9e556afd44213b6bd1be2b850ebbbd98f5481437a8021afaf58ee7fb1818d347.lock
2025-11-23 17:49:32.341 | WARNING  | logging:callHandlers:1706 - Xet Storage is enabled for this repo, but the 'hf_xet' package is not installed. Falling back to regular HTTP download. For better performance, install the package with: `pip install huggingface_hub[hf_xet]` or `pip install hf_xet`
2025-11-23 17:49:32.641 | DEBUG    | logging:callHandlers:1706 - https://huggingface.co:443 "GET /TinyLlama/TinyLlama-1.1B-Chat-v1.0/resolve/main/tokenizer.model HTTP/1.1" 302 1311
2025-11-23 17:49:32.643 | DEBUG    | logging:callHandlers:1706 - Starting new HTTPS connection (1): cas-bridge.xethub.hf.co:443
2025-11-23 17:49:34.597 | DEBUG    | logging:callHandlers:1706 - https://cas-bridge.xethub.hf.co:443 "GET /xet-bridge-us/658fb85235c41262d661dc48/91bf184ab12793d0754344f9095332759432e666320cc6c07f637af50e36db6f?X-Amz-Algorithm=AWS4-HMAC-SHA256&X-Amz-Content-Sha256=UNSIGNED-PAYLOAD&X-Amz-Credential=cas%2F20251123%2Fus-east-1%2Fs3%2Faws4_request&X-Amz-Date=20251123T164934Z&X-Amz-Expires=3600&X-Amz-Signature=f9799e6f5bcb123d0f4d0c90fa793b13683bcbffb37ff14581bb770422cbeadc&X-Amz-SignedHeaders=host&X-Xet-Cas-Uid=public&response-content-disposition=inline%3B+filename*%3DUTF-8%27%27tokenizer.model%3B+filename%3D%22tokenizer.model%22%3B&x-id=GetObject&Expires=1763920174&Policy=eyJTdGF0ZW1lbnQiOlt7IkNvbmRpdGlvbiI6eyJEYXRlTGVzc1RoYW4iOnsiQVdTOkVwb2NoVGltZSI6MTc2MzkyMDE3NH19LCJSZXNvdXJjZSI6Imh0dHBzOi8vY2FzLWJyaWRnZS54ZXRodWIuaGYuY28veGV0LWJyaWRnZS11cy82NThmYjg1MjM1YzQxMjYyZDY2MWRjNDgvOTFiZjE4NGFiMTI3OTNkMDc1NDM0NGY5MDk1MzMyNzU5NDMyZTY2NjMyMGNjNmMwN2Y2MzdhZjUwZTM2ZGI2ZioifV19&Signature=s9oS6uehp3BuzObhnuw-lRDViCXtDG6WiI-eq2879V9lWoyykn0s7s9kR26WYKlGAa0BXsidpq3Q4zV786TypJpDiJCaGhLVuTKDQGZsMfTCA3NMsZGsPVzMaePRS7LT22STHPKUPmsUU8rCS0UX9RnZm1S7e7b3zjCSLBw3hCImJuSu9-fuzviXGCqNoJ9RbnDHbMqWg4W~~jGI5jgES8qlmfWDeSnOBjvGmvyaF0qScWk-XeusPHyTS7TEovB7lnK8RiqWOgegNfK5ZyJFfSetTbCSBwt38YTkiXXkiA3MtGrfdUuIWmAlhzrFPUN68F8Z-cCmFKF7tRLBYvzaJA__&Key-Pair-Id=K2L8F4GPSG1IFC HTTP/1.1" 200 499723
2025-11-23 17:49:36.822 | DEBUG    | logging:callHandlers:1706 - Attempting to release lock 2259738391440 on C:\Users\Christian VR\.cache\huggingface\hub\.locks\models--TinyLlama--TinyLlama-1.1B-Chat-v1.0\9e556afd44213b6bd1be2b850ebbbd98f5481437a8021afaf58ee7fb1818d347.lock
2025-11-23 17:49:36.823 | DEBUG    | logging:callHandlers:1706 - Lock 2259738391440 released on C:\Users\Christian VR\.cache\huggingface\hub\.locks\models--TinyLlama--TinyLlama-1.1B-Chat-v1.0\9e556afd44213b6bd1be2b850ebbbd98f5481437a8021afaf58ee7fb1818d347.lock
2025-11-23 17:49:37.094 | DEBUG    | logging:callHandlers:1706 - https://huggingface.co:443 "HEAD /TinyLlama/TinyLlama-1.1B-Chat-v1.0/resolve/main/tokenizer.json HTTP/1.1" 307 0
2025-11-23 17:49:37.203 | DEBUG    | logging:callHandlers:1706 - https://huggingface.co:443 "HEAD /api/resolve-cache/models/TinyLlama/TinyLlama-1.1B-Chat-v1.0/fe8a4ea1ffedaf415f4da2f062534de366a451e6/tokenizer.json HTTP/1.1" 200 0
2025-11-23 17:49:37.205 | DEBUG    | logging:callHandlers:1706 - Attempting to acquire lock 2259738468688 on C:\Users\Christian VR\.cache\huggingface\hub\.locks\models--TinyLlama--TinyLlama-1.1B-Chat-v1.0\a6e931b92caff4c79c5c56282f1e89569a0ae558.lock
2025-11-23 17:49:37.205 | DEBUG    | logging:callHandlers:1706 - Lock 2259738468688 acquired on C:\Users\Christian VR\.cache\huggingface\hub\.locks\models--TinyLlama--TinyLlama-1.1B-Chat-v1.0\a6e931b92caff4c79c5c56282f1e89569a0ae558.lock
2025-11-23 17:49:37.326 | DEBUG    | logging:callHandlers:1706 - https://huggingface.co:443 "GET /api/resolve-cache/models/TinyLlama/TinyLlama-1.1B-Chat-v1.0/fe8a4ea1ffedaf415f4da2f062534de366a451e6/tokenizer.json HTTP/1.1" 200 None
2025-11-23 17:49:38.832 | DEBUG    | logging:callHandlers:1706 - Attempting to release lock 2259738468688 on C:\Users\Christian VR\.cache\huggingface\hub\.locks\models--TinyLlama--TinyLlama-1.1B-Chat-v1.0\a6e931b92caff4c79c5c56282f1e89569a0ae558.lock
2025-11-23 17:49:38.832 | DEBUG    | logging:callHandlers:1706 - Lock 2259738468688 released on C:\Users\Christian VR\.cache\huggingface\hub\.locks\models--TinyLlama--TinyLlama-1.1B-Chat-v1.0\a6e931b92caff4c79c5c56282f1e89569a0ae558.lock
2025-11-23 17:49:39.120 | DEBUG    | logging:callHandlers:1706 - https://huggingface.co:443 "HEAD /TinyLlama/TinyLlama-1.1B-Chat-v1.0/resolve/main/added_tokens.json HTTP/1.1" 404 0
2025-11-23 17:49:39.394 | DEBUG    | logging:callHandlers:1706 - https://huggingface.co:443 "HEAD /TinyLlama/TinyLlama-1.1B-Chat-v1.0/resolve/main/special_tokens_map.json HTTP/1.1" 307 0
2025-11-23 17:49:39.664 | DEBUG    | logging:callHandlers:1706 - https://huggingface.co:443 "HEAD /api/resolve-cache/models/TinyLlama/TinyLlama-1.1B-Chat-v1.0/fe8a4ea1ffedaf415f4da2f062534de366a451e6/special_tokens_map.json HTTP/1.1" 200 0
2025-11-23 17:49:39.666 | DEBUG    | logging:callHandlers:1706 - Attempting to acquire lock 2259732111760 on C:\Users\Christian VR\.cache\huggingface\hub\.locks\models--TinyLlama--TinyLlama-1.1B-Chat-v1.0\492d4b2966a1763442d426d880dbc29f94906e4c.lock
2025-11-23 17:49:39.667 | DEBUG    | logging:callHandlers:1706 - Lock 2259732111760 acquired on C:\Users\Christian VR\.cache\huggingface\hub\.locks\models--TinyLlama--TinyLlama-1.1B-Chat-v1.0\492d4b2966a1763442d426d880dbc29f94906e4c.lock
2025-11-23 17:49:39.752 | DEBUG    | logging:callHandlers:1706 - https://huggingface.co:443 "GET /api/resolve-cache/models/TinyLlama/TinyLlama-1.1B-Chat-v1.0/fe8a4ea1ffedaf415f4da2f062534de366a451e6/special_tokens_map.json HTTP/1.1" 200 551
2025-11-23 17:49:39.757 | DEBUG    | logging:callHandlers:1706 - Attempting to release lock 2259732111760 on C:\Users\Christian VR\.cache\huggingface\hub\.locks\models--TinyLlama--TinyLlama-1.1B-Chat-v1.0\492d4b2966a1763442d426d880dbc29f94906e4c.lock
2025-11-23 17:49:39.758 | DEBUG    | logging:callHandlers:1706 - Lock 2259732111760 released on C:\Users\Christian VR\.cache\huggingface\hub\.locks\models--TinyLlama--TinyLlama-1.1B-Chat-v1.0\492d4b2966a1763442d426d880dbc29f94906e4c.lock
2025-11-23 17:49:39.836 | ERROR    | logging:callHandlers:1706 - Traceback (most recent call last):
  File "C:\Users\Christian VR\AppData\Local\Programs\Python\Python311\Lib\importlib\metadata\__init__.py", line 563, in from_name
    return next(cls.discover(name=name))
           ^^^^^^^^^^^^^^^^^^^^^^^^^^^^^
StopIteration

During handling of the above exception, another exception occurred:

Traceback (most recent call last):
  File "C:\jasondev\cameroon-voice-ai\.venv\Lib\site-packages\starlette\routing.py", line 738, in lifespan
    async with self.lifespan_context(app) as maybe_state:
  File "C:\Users\Christian VR\AppData\Local\Programs\Python\Python311\Lib\contextlib.py", line 210, in __aenter__
    return await anext(self.gen)
           ^^^^^^^^^^^^^^^^^^^^^
  File "C:\jasondev\cameroon-voice-ai\src\main.py", line 24, in lifespan
    await initialize_services()
  File "C:\jasondev\cameroon-voice-ai\src\core\dependencies.py", line 128, in initialize_services
    await _llama.initialize()
  File "C:\jasondev\cameroon-voice-ai\src\services\llama\service.py", line 35, in initialize
    await loop.run_in_executor(None, self._load_model_sync)
  File "C:\Users\Christian VR\AppData\Local\Programs\Python\Python311\Lib\concurrent\futures\thread.py", line 58, in run
    result = self.fn(*self.args, **self.kwargs)
             ^^^^^^^^^^^^^^^^^^^^^^^^^^^^^^^^^^
  File "C:\jasondev\cameroon-voice-ai\src\services\llama\service.py", line 51, in _load_model_sync
    quantization_config = BitsAndBytesConfig(
                          ^^^^^^^^^^^^^^^^^^^
  File "C:\jasondev\cameroon-voice-ai\.venv\Lib\site-packages\transformers\utils\quantization_config.py", line 233, in __init__
    self.post_init()
  File "C:\jasondev\cameroon-voice-ai\.venv\Lib\site-packages\transformers\utils\quantization_config.py", line 259, in post_init
    if self.load_in_4bit and not version.parse(importlib.metadata.version("bitsandbytes")) >= version.parse(
                                               ^^^^^^^^^^^^^^^^^^^^^^^^^^^^^^^^^^^^^^^^^^
  File "C:\Users\Christian VR\AppData\Local\Programs\Python\Python311\Lib\importlib\metadata\__init__.py", line 1008, in version
    return distribution(distribution_name).version
           ^^^^^^^^^^^^^^^^^^^^^^^^^^^^^^^
  File "C:\Users\Christian VR\AppData\Local\Programs\Python\Python311\Lib\importlib\metadata\__init__.py", line 981, in distribution
    return Distribution.from_name(distribution_name)
           ^^^^^^^^^^^^^^^^^^^^^^^^^^^^^^^^^^^^^^^^^
  File "C:\Users\Christian VR\AppData\Local\Programs\Python\Python311\Lib\importlib\metadata\__init__.py", line 565, in from_name
    raise PackageNotFoundError(name)
importlib.metadata.PackageNotFoundError: No package metadata was found for bitsandbytes

2025-11-23 17:49:39.838 | ERROR    | logging:callHandlers:1706 - Application startup failed. Exiting.
2025-11-23 17:52:20.568 | INFO     | src.main:lifespan:21 - ðŸš€ Starting Cameroon Voice AI
2025-11-23 17:52:20.569 | INFO     | src.core.dependencies:initialize_services:121 - ðŸš€ Initializing services...
2025-11-23 17:52:20.569 | INFO     | src.services.whisper.service:initialize:50 - Loading Whisper model...
2025-11-23 17:52:20.574 | ERROR    | logging:callHandlers:1706 - Traceback (most recent call last):
  File "C:\Users\Christian VR\AppData\Local\Programs\Python\Python311\Lib\asyncio\runners.py", line 118, in run
    return self._loop.run_until_complete(task)
           ^^^^^^^^^^^^^^^^^^^^^^^^^^^^^^^^^^^
  File "C:\Users\Christian VR\AppData\Local\Programs\Python\Python311\Lib\asyncio\base_events.py", line 654, in run_until_complete
    return future.result()
           ^^^^^^^^^^^^^^^
  File "C:\jasondev\cameroon-voice-ai\.venv\Lib\site-packages\uvicorn\server.py", line 79, in serve
    await self.startup(sockets=sockets)
  File "C:\jasondev\cameroon-voice-ai\.venv\Lib\site-packages\uvicorn\server.py", line 90, in startup
    await self.lifespan.startup()
  File "C:\jasondev\cameroon-voice-ai\.venv\Lib\site-packages\uvicorn\lifespan\on.py", line 54, in startup
    await self.startup_event.wait()
  File "C:\Users\Christian VR\AppData\Local\Programs\Python\Python311\Lib\asyncio\locks.py", line 213, in wait
    await fut
asyncio.exceptions.CancelledError

During handling of the above exception, another exception occurred:

Traceback (most recent call last):
  File "C:\Users\Christian VR\AppData\Local\Programs\Python\Python311\Lib\asyncio\runners.py", line 190, in run
    return runner.run(main)
           ^^^^^^^^^^^^^^^^
  File "C:\Users\Christian VR\AppData\Local\Programs\Python\Python311\Lib\asyncio\runners.py", line 123, in run
    raise KeyboardInterrupt()
KeyboardInterrupt

During handling of the above exception, another exception occurred:

Traceback (most recent call last):
  File "C:\jasondev\cameroon-voice-ai\.venv\Lib\site-packages\starlette\routing.py", line 738, in lifespan
    async with self.lifespan_context(app) as maybe_state:
  File "C:\Users\Christian VR\AppData\Local\Programs\Python\Python311\Lib\contextlib.py", line 210, in __aenter__
    return await anext(self.gen)
           ^^^^^^^^^^^^^^^^^^^^^
  File "C:\jasondev\cameroon-voice-ai\src\main.py", line 24, in lifespan
    await initialize_services()
  File "C:\jasondev\cameroon-voice-ai\src\core\dependencies.py", line 125, in initialize_services
    await _whisper.initialize()
  File "C:\jasondev\cameroon-voice-ai\src\services\whisper\service.py", line 55, in initialize
    await loop.run_in_executor(None, self._load_model_sync)
asyncio.exceptions.CancelledError

2025-11-23 17:52:21.312 | INFO     | src.services.whisper.service:_load_model_sync:80 - Whisper 'base' loaded on cpu
2025-11-23 17:52:33.569 | INFO     | src.main:lifespan:21 - ðŸš€ Starting Cameroon Voice AI
2025-11-23 17:52:33.570 | INFO     | src.core.dependencies:initialize_services:121 - ðŸš€ Initializing services...
2025-11-23 17:52:33.570 | INFO     | src.services.whisper.service:initialize:50 - Loading Whisper model...
2025-11-23 17:52:33.575 | ERROR    | logging:callHandlers:1706 - Traceback (most recent call last):
  File "C:\Users\Christian VR\AppData\Local\Programs\Python\Python311\Lib\asyncio\runners.py", line 118, in run
    return self._loop.run_until_complete(task)
           ^^^^^^^^^^^^^^^^^^^^^^^^^^^^^^^^^^^
  File "C:\Users\Christian VR\AppData\Local\Programs\Python\Python311\Lib\asyncio\base_events.py", line 654, in run_until_complete
    return future.result()
           ^^^^^^^^^^^^^^^
  File "C:\jasondev\cameroon-voice-ai\.venv\Lib\site-packages\uvicorn\server.py", line 79, in serve
    await self.startup(sockets=sockets)
  File "C:\jasondev\cameroon-voice-ai\.venv\Lib\site-packages\uvicorn\server.py", line 90, in startup
    await self.lifespan.startup()
  File "C:\jasondev\cameroon-voice-ai\.venv\Lib\site-packages\uvicorn\lifespan\on.py", line 54, in startup
    await self.startup_event.wait()
  File "C:\Users\Christian VR\AppData\Local\Programs\Python\Python311\Lib\asyncio\locks.py", line 213, in wait
    await fut
asyncio.exceptions.CancelledError

During handling of the above exception, another exception occurred:

Traceback (most recent call last):
  File "C:\Users\Christian VR\AppData\Local\Programs\Python\Python311\Lib\asyncio\runners.py", line 190, in run
    return runner.run(main)
           ^^^^^^^^^^^^^^^^
  File "C:\Users\Christian VR\AppData\Local\Programs\Python\Python311\Lib\asyncio\runners.py", line 123, in run
    raise KeyboardInterrupt()
KeyboardInterrupt

During handling of the above exception, another exception occurred:

Traceback (most recent call last):
  File "C:\jasondev\cameroon-voice-ai\.venv\Lib\site-packages\starlette\routing.py", line 738, in lifespan
    async with self.lifespan_context(app) as maybe_state:
  File "C:\Users\Christian VR\AppData\Local\Programs\Python\Python311\Lib\contextlib.py", line 210, in __aenter__
    return await anext(self.gen)
           ^^^^^^^^^^^^^^^^^^^^^
  File "C:\jasondev\cameroon-voice-ai\src\main.py", line 24, in lifespan
    await initialize_services()
  File "C:\jasondev\cameroon-voice-ai\src\core\dependencies.py", line 125, in initialize_services
    await _whisper.initialize()
  File "C:\jasondev\cameroon-voice-ai\src\services\whisper\service.py", line 55, in initialize
    await loop.run_in_executor(None, self._load_model_sync)
asyncio.exceptions.CancelledError

2025-11-23 17:52:34.315 | INFO     | src.services.whisper.service:_load_model_sync:80 - Whisper 'base' loaded on cpu
2025-11-23 17:52:46.368 | INFO     | src.main:lifespan:21 - ðŸš€ Starting Cameroon Voice AI
2025-11-23 17:52:46.368 | INFO     | src.core.dependencies:initialize_services:121 - ðŸš€ Initializing services...
2025-11-23 17:52:46.369 | INFO     | src.services.whisper.service:initialize:50 - Loading Whisper model...
2025-11-23 17:52:47.074 | INFO     | src.services.whisper.service:_load_model_sync:80 - Whisper 'base' loaded on cpu
2025-11-23 17:52:47.075 | INFO     | src.services.whisper.service:initialize:58 - âœ… Whisper loaded in 0.71s
2025-11-23 17:52:47.076 | INFO     | src.services.llama.service:initialize:32 - Loading LLaMA model...
2025-11-23 17:52:47.081 | DEBUG    | logging:callHandlers:1706 - Starting new HTTPS connection (1): huggingface.co:443
2025-11-23 17:52:48.278 | DEBUG    | logging:callHandlers:1706 - https://huggingface.co:443 "HEAD /TinyLlama/TinyLlama-1.1B-Chat-v1.0/resolve/main/tokenizer_config.json HTTP/1.1" 307 0
2025-11-23 17:52:48.341 | DEBUG    | logging:callHandlers:1706 - https://huggingface.co:443 "HEAD /api/resolve-cache/models/TinyLlama/TinyLlama-1.1B-Chat-v1.0/fe8a4ea1ffedaf415f4da2f062534de366a451e6/tokenizer_config.json HTTP/1.1" 200 0
2025-11-23 17:52:48.662 | DEBUG    | logging:callHandlers:1706 - https://huggingface.co:443 "HEAD /TinyLlama/TinyLlama-1.1B-Chat-v1.0/resolve/main/config.json HTTP/1.1" 307 0
2025-11-23 17:52:48.737 | DEBUG    | logging:callHandlers:1706 - https://huggingface.co:443 "HEAD /api/resolve-cache/models/TinyLlama/TinyLlama-1.1B-Chat-v1.0/fe8a4ea1ffedaf415f4da2f062534de366a451e6/config.json HTTP/1.1" 200 0
2025-11-23 17:52:48.739 | DEBUG    | logging:callHandlers:1706 - Attempting to acquire lock 1953761091472 on C:\Users\Christian VR\.cache\huggingface\hub\.locks\models--TinyLlama--TinyLlama-1.1B-Chat-v1.0\4ea05f1bc289d48ba9b92eea2f58ad8acd3dce5d.lock
2025-11-23 17:52:48.739 | DEBUG    | logging:callHandlers:1706 - Lock 1953761091472 acquired on C:\Users\Christian VR\.cache\huggingface\hub\.locks\models--TinyLlama--TinyLlama-1.1B-Chat-v1.0\4ea05f1bc289d48ba9b92eea2f58ad8acd3dce5d.lock
2025-11-23 17:52:48.791 | DEBUG    | logging:callHandlers:1706 - https://huggingface.co:443 "GET /api/resolve-cache/models/TinyLlama/TinyLlama-1.1B-Chat-v1.0/fe8a4ea1ffedaf415f4da2f062534de366a451e6/config.json HTTP/1.1" 200 608
2025-11-23 17:52:48.800 | DEBUG    | logging:callHandlers:1706 - Attempting to release lock 1953761091472 on C:\Users\Christian VR\.cache\huggingface\hub\.locks\models--TinyLlama--TinyLlama-1.1B-Chat-v1.0\4ea05f1bc289d48ba9b92eea2f58ad8acd3dce5d.lock
2025-11-23 17:52:48.801 | DEBUG    | logging:callHandlers:1706 - Lock 1953761091472 released on C:\Users\Christian VR\.cache\huggingface\hub\.locks\models--TinyLlama--TinyLlama-1.1B-Chat-v1.0\4ea05f1bc289d48ba9b92eea2f58ad8acd3dce5d.lock
2025-11-23 17:52:49.061 | DEBUG    | logging:callHandlers:1706 - https://huggingface.co:443 "HEAD /TinyLlama/TinyLlama-1.1B-Chat-v1.0/resolve/main/adapter_config.json HTTP/1.1" 404 0
2025-11-23 17:52:51.133 | DEBUG    | logging:callHandlers:1706 - https://huggingface.co:443 "HEAD /TinyLlama/TinyLlama-1.1B-Chat-v1.0/resolve/main/model.safetensors HTTP/1.1" 302 0
2025-11-23 17:52:51.136 | DEBUG    | logging:callHandlers:1706 - Attempting to acquire lock 1953787116368 on C:\Users\Christian VR\.cache\huggingface\hub\.locks\models--TinyLlama--TinyLlama-1.1B-Chat-v1.0\6e6001da2106d4757498752a021df6c2bdc332c650aae4bae6b0c004dcf14933.lock
2025-11-23 17:52:51.137 | DEBUG    | logging:callHandlers:1706 - Lock 1953787116368 acquired on C:\Users\Christian VR\.cache\huggingface\hub\.locks\models--TinyLlama--TinyLlama-1.1B-Chat-v1.0\6e6001da2106d4757498752a021df6c2bdc332c650aae4bae6b0c004dcf14933.lock
2025-11-23 17:52:51.138 | WARNING  | logging:callHandlers:1706 - Xet Storage is enabled for this repo, but the 'hf_xet' package is not installed. Falling back to regular HTTP download. For better performance, install the package with: `pip install huggingface_hub[hf_xet]` or `pip install hf_xet`
2025-11-23 17:52:51.417 | DEBUG    | logging:callHandlers:1706 - https://huggingface.co:443 "GET /TinyLlama/TinyLlama-1.1B-Chat-v1.0/resolve/main/model.safetensors HTTP/1.1" 302 1323
2025-11-23 17:52:51.419 | DEBUG    | logging:callHandlers:1706 - Starting new HTTPS connection (1): cas-bridge.xethub.hf.co:443
2025-11-23 17:52:53.054 | DEBUG    | logging:callHandlers:1706 - https://cas-bridge.xethub.hf.co:443 "GET /xet-bridge-us/658fb85235c41262d661dc48/78613135f161e5f517e18a405e22facb700d9737e3936330effa276e7bfc1c2a?X-Amz-Algorithm=AWS4-HMAC-SHA256&X-Amz-Content-Sha256=UNSIGNED-PAYLOAD&X-Amz-Credential=cas%2F20251123%2Fus-east-1%2Fs3%2Faws4_request&X-Amz-Date=20251123T163015Z&X-Amz-Expires=3600&X-Amz-Signature=d33c964a385b2737128ab6257ea4155b6f7c2fc011a65a0c8f4bf3812fcdbe7d&X-Amz-SignedHeaders=host&X-Xet-Cas-Uid=public&response-content-disposition=inline%3B+filename*%3DUTF-8%27%27model.safetensors%3B+filename%3D%22model.safetensors%22%3B&x-id=GetObject&Expires=1763919015&Policy=eyJTdGF0ZW1lbnQiOlt7IkNvbmRpdGlvbiI6eyJEYXRlTGVzc1RoYW4iOnsiQVdTOkVwb2NoVGltZSI6MTc2MzkxOTAxNX19LCJSZXNvdXJjZSI6Imh0dHBzOi8vY2FzLWJyaWRnZS54ZXRodWIuaGYuY28veGV0LWJyaWRnZS11cy82NThmYjg1MjM1YzQxMjYyZDY2MWRjNDgvNzg2MTMxMzVmMTYxZTVmNTE3ZTE4YTQwNWUyMmZhY2I3MDBkOTczN2UzOTM2MzMwZWZmYTI3NmU3YmZjMWMyYSoifV19&Signature=SzOFnwdGxvOxrbbwj8btQ8CvSbYOVNdQ0CVuZ7NIlMKjQfVdUFn0n9eROTuNNWvc1Pa24QBVzz6WNaZvyiq7VdnYK0T7mJim~RxSfD11lkep3CQ9CmN2X1RlOo2rSZp3q8CqaXRLY8t9gc15MH8q5vh9C5Wo6nRJ4U6oa0-r035MalFmL4tToIQWvb~zeJhEaPHk3hDdjaa9XJ~-LPh9Fek27VxspHR7QUhJDv5~~RTJTg5e22iR3X-wqUtWKFzdx5aYjtiF12c1cdsVMPe~9wxxY2Pd0VyH0LEc752a5EVOJl1HscMgEdDTDLWfTTOeaD5cA6Has8jMLQB1WwR2-A__&Key-Pair-Id=K2L8F4GPSG1IFC HTTP/1.1" 200 2200119864
2025-11-23 18:10:57.733 | INFO     | src.main:lifespan:21 - ðŸš€ Starting Cameroon Voice AI
2025-11-23 18:10:57.733 | INFO     | src.core.dependencies:initialize_services:121 - ðŸš€ Initializing services...
2025-11-23 18:10:57.733 | INFO     | src.services.whisper.service:initialize:50 - Loading Whisper model...
2025-11-23 18:10:58.437 | INFO     | src.services.whisper.service:_load_model_sync:80 - Whisper 'base' loaded on cpu
2025-11-23 18:10:58.438 | INFO     | src.services.whisper.service:initialize:58 - âœ… Whisper loaded in 0.70s
2025-11-23 18:10:58.439 | INFO     | src.services.llama.service:initialize:32 - Loading LLaMA model...
2025-11-23 18:10:58.443 | DEBUG    | logging:callHandlers:1706 - Starting new HTTPS connection (1): huggingface.co:443
2025-11-23 18:11:00.398 | DEBUG    | logging:callHandlers:1706 - https://huggingface.co:443 "HEAD /distilgpt2/resolve/main/tokenizer_config.json HTTP/1.1" 200 0
2025-11-23 18:11:00.402 | DEBUG    | logging:callHandlers:1706 - Attempting to acquire lock 1688012652688 on C:\Users\Christian VR\.cache\huggingface\hub\.locks\models--distilgpt2\be4d21d94f3b4687e5a54d84bf6ab46ed0f8defd.lock
2025-11-23 18:11:00.403 | DEBUG    | logging:callHandlers:1706 - Lock 1688012652688 acquired on C:\Users\Christian VR\.cache\huggingface\hub\.locks\models--distilgpt2\be4d21d94f3b4687e5a54d84bf6ab46ed0f8defd.lock
2025-11-23 18:11:00.962 | DEBUG    | logging:callHandlers:1706 - https://huggingface.co:443 "GET /distilgpt2/resolve/main/tokenizer_config.json HTTP/1.1" 200 26
2025-11-23 18:11:00.971 | DEBUG    | logging:callHandlers:1706 - Attempting to release lock 1688012652688 on C:\Users\Christian VR\.cache\huggingface\hub\.locks\models--distilgpt2\be4d21d94f3b4687e5a54d84bf6ab46ed0f8defd.lock
2025-11-23 18:11:00.972 | DEBUG    | logging:callHandlers:1706 - Lock 1688012652688 released on C:\Users\Christian VR\.cache\huggingface\hub\.locks\models--distilgpt2\be4d21d94f3b4687e5a54d84bf6ab46ed0f8defd.lock
2025-11-23 18:11:01.543 | DEBUG    | logging:callHandlers:1706 - https://huggingface.co:443 "HEAD /distilgpt2/resolve/main/config.json HTTP/1.1" 200 0
2025-11-23 18:11:01.545 | DEBUG    | logging:callHandlers:1706 - Attempting to acquire lock 1688013417360 on C:\Users\Christian VR\.cache\huggingface\hub\.locks\models--distilgpt2\fed02aafb76b46aa5da200966f9e42262e758023.lock
2025-11-23 18:11:01.545 | DEBUG    | logging:callHandlers:1706 - Lock 1688013417360 acquired on C:\Users\Christian VR\.cache\huggingface\hub\.locks\models--distilgpt2\fed02aafb76b46aa5da200966f9e42262e758023.lock
2025-11-23 18:11:02.189 | DEBUG    | logging:callHandlers:1706 - https://huggingface.co:443 "GET /distilgpt2/resolve/main/config.json HTTP/1.1" 200 762
2025-11-23 18:11:02.195 | DEBUG    | logging:callHandlers:1706 - Attempting to release lock 1688013417360 on C:\Users\Christian VR\.cache\huggingface\hub\.locks\models--distilgpt2\fed02aafb76b46aa5da200966f9e42262e758023.lock
2025-11-23 18:11:02.196 | DEBUG    | logging:callHandlers:1706 - Lock 1688013417360 released on C:\Users\Christian VR\.cache\huggingface\hub\.locks\models--distilgpt2\fed02aafb76b46aa5da200966f9e42262e758023.lock
2025-11-23 18:11:03.150 | DEBUG    | logging:callHandlers:1706 - https://huggingface.co:443 "HEAD /distilgpt2/resolve/main/vocab.json HTTP/1.1" 200 0
2025-11-23 18:11:03.152 | DEBUG    | logging:callHandlers:1706 - Attempting to acquire lock 1688007157520 on C:\Users\Christian VR\.cache\huggingface\hub\.locks\models--distilgpt2\1f1d9aaca301414e7f6c9396df506798ff4eb9a6.lock
2025-11-23 18:11:03.153 | DEBUG    | logging:callHandlers:1706 - Lock 1688007157520 acquired on C:\Users\Christian VR\.cache\huggingface\hub\.locks\models--distilgpt2\1f1d9aaca301414e7f6c9396df506798ff4eb9a6.lock
2025-11-23 18:11:04.178 | DEBUG    | logging:callHandlers:1706 - https://huggingface.co:443 "GET /distilgpt2/resolve/main/vocab.json HTTP/1.1" 200 1042301
2025-11-23 18:11:14.454 | DEBUG    | logging:callHandlers:1706 - Attempting to release lock 1688007157520 on C:\Users\Christian VR\.cache\huggingface\hub\.locks\models--distilgpt2\1f1d9aaca301414e7f6c9396df506798ff4eb9a6.lock
2025-11-23 18:11:14.455 | DEBUG    | logging:callHandlers:1706 - Lock 1688007157520 released on C:\Users\Christian VR\.cache\huggingface\hub\.locks\models--distilgpt2\1f1d9aaca301414e7f6c9396df506798ff4eb9a6.lock
2025-11-23 18:11:15.016 | DEBUG    | logging:callHandlers:1706 - https://huggingface.co:443 "HEAD /distilgpt2/resolve/main/merges.txt HTTP/1.1" 200 0
2025-11-23 18:11:15.018 | DEBUG    | logging:callHandlers:1706 - Attempting to acquire lock 1688013476304 on C:\Users\Christian VR\.cache\huggingface\hub\.locks\models--distilgpt2\226b0752cac7789c48f0cb3ec53eda48b7be36cc.lock
2025-11-23 18:11:15.019 | DEBUG    | logging:callHandlers:1706 - Lock 1688013476304 acquired on C:\Users\Christian VR\.cache\huggingface\hub\.locks\models--distilgpt2\226b0752cac7789c48f0cb3ec53eda48b7be36cc.lock
2025-11-23 18:11:15.763 | DEBUG    | logging:callHandlers:1706 - https://huggingface.co:443 "GET /distilgpt2/resolve/main/merges.txt HTTP/1.1" 200 456318
2025-11-23 18:11:19.181 | DEBUG    | logging:callHandlers:1706 - Attempting to release lock 1688013476304 on C:\Users\Christian VR\.cache\huggingface\hub\.locks\models--distilgpt2\226b0752cac7789c48f0cb3ec53eda48b7be36cc.lock
2025-11-23 18:11:19.182 | DEBUG    | logging:callHandlers:1706 - Lock 1688013476304 released on C:\Users\Christian VR\.cache\huggingface\hub\.locks\models--distilgpt2\226b0752cac7789c48f0cb3ec53eda48b7be36cc.lock
2025-11-23 18:11:19.753 | DEBUG    | logging:callHandlers:1706 - https://huggingface.co:443 "HEAD /distilgpt2/resolve/main/tokenizer.json HTTP/1.1" 200 0
2025-11-23 18:11:19.754 | DEBUG    | logging:callHandlers:1706 - Attempting to acquire lock 1688013475984 on C:\Users\Christian VR\.cache\huggingface\hub\.locks\models--distilgpt2\4b988bccc9dc5adacd403c00b4704976196548f8.lock
2025-11-23 18:11:19.755 | DEBUG    | logging:callHandlers:1706 - Lock 1688013475984 acquired on C:\Users\Christian VR\.cache\huggingface\hub\.locks\models--distilgpt2\4b988bccc9dc5adacd403c00b4704976196548f8.lock
2025-11-23 18:11:20.327 | DEBUG    | logging:callHandlers:1706 - https://huggingface.co:443 "GET /distilgpt2/resolve/main/tokenizer.json HTTP/1.1" 200 1355256
2025-11-23 18:11:33.505 | DEBUG    | logging:callHandlers:1706 - Attempting to release lock 1688013475984 on C:\Users\Christian VR\.cache\huggingface\hub\.locks\models--distilgpt2\4b988bccc9dc5adacd403c00b4704976196548f8.lock
2025-11-23 18:11:33.506 | DEBUG    | logging:callHandlers:1706 - Lock 1688013475984 released on C:\Users\Christian VR\.cache\huggingface\hub\.locks\models--distilgpt2\4b988bccc9dc5adacd403c00b4704976196548f8.lock
2025-11-23 18:11:34.113 | DEBUG    | logging:callHandlers:1706 - https://huggingface.co:443 "HEAD /distilgpt2/resolve/main/added_tokens.json HTTP/1.1" 404 0
2025-11-23 18:11:34.672 | DEBUG    | logging:callHandlers:1706 - https://huggingface.co:443 "HEAD /distilgpt2/resolve/main/special_tokens_map.json HTTP/1.1" 404 0
2025-11-23 18:11:35.332 | DEBUG    | logging:callHandlers:1706 - https://huggingface.co:443 "HEAD /distilgpt2/resolve/main/config.json HTTP/1.1" 200 0
2025-11-23 18:11:35.907 | DEBUG    | logging:callHandlers:1706 - https://huggingface.co:443 "HEAD /distilgpt2/resolve/main/adapter_config.json HTTP/1.1" 404 0
2025-11-23 18:11:37.312 | DEBUG    | logging:callHandlers:1706 - https://huggingface.co:443 "HEAD /distilgpt2/resolve/main/model.safetensors HTTP/1.1" 302 0
2025-11-23 18:11:37.315 | DEBUG    | logging:callHandlers:1706 - Attempting to acquire lock 1688028596496 on C:\Users\Christian VR\.cache\huggingface\hub\.locks\models--distilgpt2\e1ff18884359fe8beb795a5f414feb85a6ce3d929ad019c0d958c039d2b94a1b.lock
2025-11-23 18:11:37.315 | DEBUG    | logging:callHandlers:1706 - Lock 1688028596496 acquired on C:\Users\Christian VR\.cache\huggingface\hub\.locks\models--distilgpt2\e1ff18884359fe8beb795a5f414feb85a6ce3d929ad019c0d958c039d2b94a1b.lock
2025-11-23 18:11:37.316 | WARNING  | logging:callHandlers:1706 - Xet Storage is enabled for this repo, but the 'hf_xet' package is not installed. Falling back to regular HTTP download. For better performance, install the package with: `pip install huggingface_hub[hf_xet]` or `pip install hf_xet`
2025-11-23 18:11:37.918 | DEBUG    | logging:callHandlers:1706 - https://huggingface.co:443 "GET /distilgpt2/resolve/main/model.safetensors HTTP/1.1" 302 1327
2025-11-23 18:11:37.920 | DEBUG    | logging:callHandlers:1706 - Starting new HTTPS connection (1): cas-bridge.xethub.hf.co:443
2025-11-23 18:11:39.607 | DEBUG    | logging:callHandlers:1706 - https://cas-bridge.xethub.hf.co:443 "GET /xet-bridge-us/621ffdc036468d709f174348/ec7e4b80e8525615f0483cbfbc3a97bf4f3165ef95ac61f575a92d661a6fa7d4?X-Amz-Algorithm=AWS4-HMAC-SHA256&X-Amz-Content-Sha256=UNSIGNED-PAYLOAD&X-Amz-Credential=cas%2F20251123%2Fus-east-1%2Fs3%2Faws4_request&X-Amz-Date=20251123T171140Z&X-Amz-Expires=3600&X-Amz-Signature=d1f09b99b629b659965a2aa893e723dae5d3a41f69f2a3893249c84dba48581f&X-Amz-SignedHeaders=host&X-Xet-Cas-Uid=public&response-content-disposition=inline%3B+filename*%3DUTF-8%27%27model.safetensors%3B+filename%3D%22model.safetensors%22%3B&x-id=GetObject&Expires=1763921500&Policy=eyJTdGF0ZW1lbnQiOlt7IkNvbmRpdGlvbiI6eyJEYXRlTGVzc1RoYW4iOnsiQVdTOkVwb2NoVGltZSI6MTc2MzkyMTUwMH19LCJSZXNvdXJjZSI6Imh0dHBzOi8vY2FzLWJyaWRnZS54ZXRodWIuaGYuY28veGV0LWJyaWRnZS11cy82MjFmZmRjMDM2NDY4ZDcwOWYxNzQzNDgvZWM3ZTRiODBlODUyNTYxNWYwNDgzY2JmYmMzYTk3YmY0ZjMxNjVlZjk1YWM2MWY1NzVhOTJkNjYxYTZmYTdkNCoifV19&Signature=Hg46sfCwYLWFQcZTyyTmeQ312g3ysib~coe5nt9no0mqpRtJDv1f17wwcep81V6i0JDK30isfayeHIt1G3A5~MF6QyAjEbcZHhY~972HYemUUZmzpwOpKJszTX40nfgYcEFbwKF1U4HfjnIOv0aAC9OZqOI-tQM7n7qav8T3WzPgDY3c66hdoL0~a2enmMJr1CMHD89jHBGJOU2EKeFSS2v8ML9b9i7O5bKPN3zurwAUisGY1Uq6T2nTwLpJGFqJoyb64aVZeaRkCnHfqOlqRe~QiC002qdPrjK-e2CwS0XDOvn9W7uzbu095MtLCJmIhqcWlT~C~qo5G0e~EH7gKQ__&Key-Pair-Id=K2L8F4GPSG1IFC HTTP/1.1" 200 352824413
2025-11-23 18:51:53.415 | DEBUG    | logging:callHandlers:1706 - Attempting to release lock 1688028596496 on C:\Users\Christian VR\.cache\huggingface\hub\.locks\models--distilgpt2\e1ff18884359fe8beb795a5f414feb85a6ce3d929ad019c0d958c039d2b94a1b.lock
2025-11-23 18:51:53.416 | DEBUG    | logging:callHandlers:1706 - Lock 1688028596496 released on C:\Users\Christian VR\.cache\huggingface\hub\.locks\models--distilgpt2\e1ff18884359fe8beb795a5f414feb85a6ce3d929ad019c0d958c039d2b94a1b.lock
2025-11-23 18:51:56.915 | DEBUG    | logging:callHandlers:1706 - Resetting dropped connection: huggingface.co
2025-11-23 18:51:59.997 | DEBUG    | logging:callHandlers:1706 - https://huggingface.co:443 "HEAD /distilgpt2/resolve/main/generation_config.json HTTP/1.1" 200 0
2025-11-23 18:51:59.999 | DEBUG    | logging:callHandlers:1706 - Attempting to acquire lock 1688028953872 on C:\Users\Christian VR\.cache\huggingface\hub\.locks\models--distilgpt2\057e43033439e068b325f32af95dde9efc9552ae.lock
2025-11-23 18:52:00.000 | DEBUG    | logging:callHandlers:1706 - Lock 1688028953872 acquired on C:\Users\Christian VR\.cache\huggingface\hub\.locks\models--distilgpt2\057e43033439e068b325f32af95dde9efc9552ae.lock
2025-11-23 18:52:00.596 | DEBUG    | logging:callHandlers:1706 - https://huggingface.co:443 "GET /distilgpt2/resolve/main/generation_config.json HTTP/1.1" 200 124
2025-11-23 18:52:00.602 | DEBUG    | logging:callHandlers:1706 - Attempting to release lock 1688028953872 on C:\Users\Christian VR\.cache\huggingface\hub\.locks\models--distilgpt2\057e43033439e068b325f32af95dde9efc9552ae.lock
2025-11-23 18:52:00.602 | DEBUG    | logging:callHandlers:1706 - Lock 1688028953872 released on C:\Users\Christian VR\.cache\huggingface\hub\.locks\models--distilgpt2\057e43033439e068b325f32af95dde9efc9552ae.lock
2025-11-23 18:52:00.606 | INFO     | src.services.llama.service:initialize:39 - âœ… LLaMA loaded in 2462.17s
2025-11-23 18:52:00.607 | INFO     | src.services.tts.service:initialize:33 - Loading TTS model...
2025-11-23 18:52:00.614 | DEBUG    | logging:callHandlers:1706 - open file: C:/jasondev/cameroon-voice-ai/.venv/Lib/site-packages/TTS/.models.json
2025-11-23 18:52:50.363 | DEBUG    | logging:callHandlers:1706 - Starting new HTTPS connection (1): coqui.gateway.scarf.sh:443
2025-11-23 18:52:52.178 | DEBUG    | logging:callHandlers:1706 - https://coqui.gateway.scarf.sh:443 "GET /hf-coqui/XTTS-v2/main/model.pth HTTP/1.1" 307 None
2025-11-23 18:52:52.180 | DEBUG    | logging:callHandlers:1706 - Starting new HTTPS connection (1): huggingface.co:443
2025-11-23 18:52:54.002 | DEBUG    | logging:callHandlers:1706 - https://huggingface.co:443 "GET /coqui/XTTS-v2/resolve/main/model.pth HTTP/1.1" 302 1309
2025-11-23 18:52:54.005 | DEBUG    | logging:callHandlers:1706 - Starting new HTTPS connection (1): cas-bridge.xethub.hf.co:443
2025-11-23 18:52:56.278 | DEBUG    | logging:callHandlers:1706 - https://cas-bridge.xethub.hf.co:443 "GET /xet-bridge-us/6540d2d50cb8e9d8e63a1e1f/d4962c8fffe56f485d8fec88bb2ad90909f2749d333b38952cdfc4b82d0c107f?X-Amz-Algorithm=AWS4-HMAC-SHA256&X-Amz-Content-Sha256=UNSIGNED-PAYLOAD&X-Amz-Credential=cas%2F20251123%2Fus-east-1%2Fs3%2Faws4_request&X-Amz-Date=20251123T173934Z&X-Amz-Expires=3600&X-Amz-Signature=4c2109faa790304eb56e6f7f33b93ef94b5487c6e490f83f19898c55dc7d1fb8&X-Amz-SignedHeaders=host&X-Xet-Cas-Uid=public&response-content-disposition=inline%3B+filename*%3DUTF-8%27%27model.pth%3B+filename%3D%22model.pth%22%3B&x-id=GetObject&Expires=1763923174&Policy=eyJTdGF0ZW1lbnQiOlt7IkNvbmRpdGlvbiI6eyJEYXRlTGVzc1RoYW4iOnsiQVdTOkVwb2NoVGltZSI6MTc2MzkyMzE3NH19LCJSZXNvdXJjZSI6Imh0dHBzOi8vY2FzLWJyaWRnZS54ZXRodWIuaGYuY28veGV0LWJyaWRnZS11cy82NTQwZDJkNTBjYjhlOWQ4ZTYzYTFlMWYvZDQ5NjJjOGZmZmU1NmY0ODVkOGZlYzg4YmIyYWQ5MDkwOWYyNzQ5ZDMzM2IzODk1MmNkZmM0YjgyZDBjMTA3ZioifV19&Signature=MyfQdVR6WRtcxJ~klp4L89L~g6Cya2J0i9OSqkfKsPJ-Jyll3sSjArbLP18rc0QJ5CcpFcbxXjkXpxYEx1BCGqOLzrHT~1Gvj0LrZssX9zf91hZutVdP7q2kG7v3Wi8dMTuHjYFaJhodpz-YqSfhrA95ISp5x2ysF5hFoZHADrdTV1fceP4E6S~bfE2pNWHN1-8jJxPq~iaHuxw25oqJkiCjybWU6QEtwAJu~9LRmbRHZo1WADpKnLCN~-ga0fvDuMGu5mjRvepRUr4vHzaKiERALN5QlgO653MTbobydnkqmaivfqHioeGWRC6KwGDyaUvbxh4zMBnxCIEOpcKzMw__&Key-Pair-Id=K2L8F4GPSG1IFC HTTP/1.1" 200 1867929118
2025-11-23 19:03:45.778 | INFO     | src.main:lifespan:21 - ðŸš€ Starting Cameroon Voice AI
2025-11-23 19:03:45.779 | INFO     | src.core.dependencies:initialize_services:121 - ðŸš€ Initializing services...
2025-11-23 19:03:45.779 | INFO     | src.services.whisper.service:initialize:50 - Loading Whisper model...
2025-11-23 19:03:46.534 | INFO     | src.services.whisper.service:_load_model_sync:80 - Whisper 'base' loaded on cpu
2025-11-23 19:03:46.535 | INFO     | src.services.whisper.service:initialize:58 - âœ… Whisper loaded in 0.76s
2025-11-23 19:03:46.536 | INFO     | src.services.llama.service:initialize:32 - Loading LLaMA model...
2025-11-23 19:03:46.540 | DEBUG    | logging:callHandlers:1706 - Starting new HTTPS connection (1): huggingface.co:443
2025-11-23 19:03:48.570 | DEBUG    | logging:callHandlers:1706 - https://huggingface.co:443 "HEAD /distilgpt2/resolve/main/tokenizer_config.json HTTP/1.1" 200 0
2025-11-23 19:03:49.716 | DEBUG    | logging:callHandlers:1706 - https://huggingface.co:443 "HEAD /distilgpt2/resolve/main/config.json HTTP/1.1" 200 0
2025-11-23 19:03:52.623 | DEBUG    | logging:callHandlers:1706 - https://huggingface.co:443 "HEAD /distilgpt2/resolve/main/generation_config.json HTTP/1.1" 200 0
2025-11-23 19:03:52.627 | INFO     | src.services.llama.service:initialize:39 - âœ… LLaMA loaded in 6.09s
2025-11-23 19:03:52.628 | DEBUG    | logging:callHandlers:1706 - load_ssl_context verify=True cert=None trust_env=True http2=False
2025-11-23 19:03:52.629 | DEBUG    | logging:callHandlers:1706 - load_verify_locations cafile='C:\\jasondev\\cameroon-voice-ai\\.venv\\Lib\\site-packages\\certifi\\cacert.pem'
2025-11-23 19:03:53.168 | INFO     | src.services.botpress.client:__init__:30 - âœ… Botpress client initialized
2025-11-23 19:03:53.169 | INFO     | src.core.dependencies:initialize_services:135 - âœ… All services ready
2025-11-23 19:03:53.169 | INFO     | src.main:lifespan:26 - âœ… Ready!
2025-11-23 19:03:53.170 | INFO     | logging:callHandlers:1706 - Application startup complete.
2025-11-23 19:32:40.077 | INFO     | logging:callHandlers:1706 - 2c0f:2a80:904:c810:4c72:d79a:7cdf:e14c:0 - "GET /health HTTP/1.1" 200
2025-11-23 19:32:40.565 | INFO     | logging:callHandlers:1706 - 2c0f:2a80:904:c810:4c72:d79a:7cdf:e14c:0 - "GET /favicon.ico HTTP/1.1" 404
2025-11-24 09:12:18.006 | INFO     | src.main:lifespan:21 - ðŸš€ Starting Cameroon Voice AI
2025-11-24 09:12:18.007 | INFO     | src.core.dependencies:initialize_services:121 - ðŸš€ Initializing services...
2025-11-24 09:12:18.008 | INFO     | src.services.whisper.service:initialize:50 - Loading Whisper model...
2025-11-24 09:12:18.905 | INFO     | src.services.whisper.service:_load_model_sync:80 - Whisper 'base' loaded on cpu
2025-11-24 09:12:18.906 | INFO     | src.services.whisper.service:initialize:58 - âœ… Whisper loaded in 0.90s
2025-11-24 09:12:18.906 | INFO     | src.services.llama.service:initialize:32 - Loading LLaMA model...
2025-11-24 09:12:18.912 | DEBUG    | logging:callHandlers:1706 - Starting new HTTPS connection (1): huggingface.co:443
2025-11-24 09:12:44.413 | DEBUG    | logging:callHandlers:1706 - https://huggingface.co:443 "HEAD /distilgpt2/resolve/main/tokenizer_config.json HTTP/1.1" 200 0
2025-11-24 09:12:52.721 | DEBUG    | logging:callHandlers:1706 - https://huggingface.co:443 "HEAD /distilgpt2/resolve/main/config.json HTTP/1.1" 200 0
2025-11-24 09:13:06.041 | WARNING  | logging:callHandlers:1706 - '(ReadTimeoutError("HTTPSConnectionPool(host='huggingface.co', port=443): Read timed out. (read timeout=10)"), '(Request ID: c9b6c666-3968-4616-a361-3840a63b1ce8)')' thrown while requesting HEAD https://huggingface.co/distilgpt2/resolve/main/generation_config.json
2025-11-24 09:13:06.042 | WARNING  | logging:callHandlers:1706 - Retrying in 1s [Retry 1/5].
2025-11-24 09:13:07.045 | DEBUG    | logging:callHandlers:1706 - Starting new HTTPS connection (2): huggingface.co:443
2025-11-24 09:13:57.511 | WARNING  | logging:callHandlers:1706 - '(ReadTimeoutError("HTTPSConnectionPool(host='huggingface.co', port=443): Read timed out. (read timeout=10)"), '(Request ID: 1e747e4f-bbad-4ad1-864a-367efab16877)')' thrown while requesting HEAD https://huggingface.co/distilgpt2/resolve/main/generation_config.json
2025-11-24 09:13:57.512 | WARNING  | logging:callHandlers:1706 - Retrying in 2s [Retry 2/5].
2025-11-24 09:13:59.516 | DEBUG    | logging:callHandlers:1706 - Starting new HTTPS connection (3): huggingface.co:443
2025-11-24 09:14:11.558 | WARNING  | logging:callHandlers:1706 - '(MaxRetryError('HTTPSConnectionPool(host=\'huggingface.co\', port=443): Max retries exceeded with url: /distilgpt2/resolve/main/generation_config.json (Caused by NameResolutionError("<urllib3.connection.HTTPSConnection object at 0x000001A26CDEF190>: Failed to resolve \'huggingface.co\' ([Errno 11001] getaddrinfo failed)"))'), '(Request ID: f56d9861-7b0b-472b-b436-0627340b6799)')' thrown while requesting HEAD https://huggingface.co/distilgpt2/resolve/main/generation_config.json
2025-11-24 09:14:11.559 | WARNING  | logging:callHandlers:1706 - Retrying in 4s [Retry 3/5].
2025-11-24 09:14:15.561 | DEBUG    | logging:callHandlers:1706 - Starting new HTTPS connection (4): huggingface.co:443
2025-11-24 09:14:26.969 | DEBUG    | logging:callHandlers:1706 - https://huggingface.co:443 "HEAD /distilgpt2/resolve/main/generation_config.json HTTP/1.1" 200 0
2025-11-24 09:14:26.976 | INFO     | src.services.llama.service:initialize:39 - âœ… LLaMA loaded in 128.07s
2025-11-24 09:14:26.977 | DEBUG    | logging:callHandlers:1706 - load_ssl_context verify=True cert=None trust_env=True http2=False
2025-11-24 09:14:26.978 | DEBUG    | logging:callHandlers:1706 - load_verify_locations cafile='C:\\jasondev\\cameroon-voice-ai\\.venv\\Lib\\site-packages\\certifi\\cacert.pem'
2025-11-24 09:14:27.565 | INFO     | src.services.botpress.client:__init__:30 - âœ… Botpress client initialized
2025-11-24 09:14:27.566 | INFO     | src.core.dependencies:initialize_services:135 - âœ… All services ready
2025-11-24 09:14:27.566 | INFO     | src.main:lifespan:26 - âœ… Ready!
2025-11-24 09:14:27.566 | INFO     | logging:callHandlers:1706 - Application startup complete.
